<?xml version="1.0" encoding="UTF-8"?>
<!-- Generated by org.testng.reporters.JUnitReportReporter -->
<testsuite hostname="LAPTOP-QTCLQ2R6" failures="0" tests="1" name="testsuites.SecondTest" time="0.012" errors="0" timestamp="27 Dec 2020 15:46:45 GMT">
  <testcase classname="testsuites.SecondTest" name="TestOne" time="0.012"/>
</testsuite> <!-- testsuites.SecondTest -->
