<?xml version="1.0" encoding="UTF-8"?>
<!-- Generated by org.testng.reporters.JUnitReportReporter -->
<testsuite hostname="LAPTOP-QTCLQ2R6" failures="0" tests="1" name="testsuites.KhanTest" time="33.215" errors="0" timestamp="28 Dec 2020 04:19:40 GMT">
  <testcase classname="testsuites.KhanTest" name="selectLanguageTest" time="33.215"/>
</testsuite> <!-- testsuites.KhanTest -->
